<?xml version="1.0" encoding="utf-8"?><testsuites name="pytest tests"><testsuite name="pytest" errors="0" failures="1" skipped="0" tests="9" time="12.574" timestamp="2026-08-17T13:33:32.041075+00:00" hostname="agent-env-fd618d40-a4c1-4fbc-ab48-4008c22e783a"><testcase classname="tests.test_auth_flows" name="test_register_creates_user_and_sets_cookies" time="0.740" /><testcase classname="tests.test_auth_flows" name="test_register_duplicate_email_returns_409" time="0.816" /><testcase classname="tests.test_auth_flows" name="test_login_wrong_password_401" time="0.529" /><testcase classname="tests.test_auth_flows" name="test_refresh_and_logout_flow" time="0.832" /><testcase classname="tests.test_auth_flows" name="test_admin_login_and_users_list" time="0.634" /><testcase classname="tests.test_auth_flows" name="test_normal_user_cannot_access_users_list" time="0.702" /><testcase classname="tests.test_auth_flows" name="test_forgot_and_reset_password_flow" time="2.785" /><testcase classname="tests.test_auth_flows" name="test_lockout_after_5_failed_attempts" time="3.956"><failure message="AssertionError: expected 429 got 401; prior codes=[401, 401, 401, 401, 401]&#10;assert 401 == 429&#10; +  where 401 = &lt;Response [401]&gt;.status_code">backend/tests/test_auth_flows.py:151: in test_lockout_after_5_failed_attempts
    assert r6.status_code == 429, f"expected 429 got {r6.status_code}; prior codes={codes}"
E   AssertionError: expected 429 got 401; prior codes=[401, 401, 401, 401, 401]
E   assert 401 == 429
E    +  where 401 = &lt;Response [401]&gt;.status_code</failure></testcase><testcase classname="tests.test_auth_flows" name="test_me_unauthenticated_401" time="0.191" /></testsuite></testsuites>