<?xml version="1.0" encoding="utf-8"?><testsuites name="pytest tests"><testsuite name="pytest" errors="0" failures="0" skipped="0" tests="5" time="28.717" timestamp="2026-08-17T09:00:10.337131+00:00" hostname="agent-env-fd618d40-a4c1-4fbc-ab48-4008c22e783a"><testcase classname="tests.test_market_live" name="test_market_status" time="0.441" /><testcase classname="tests.test_market_live" name="test_snapshot_nifty50" time="6.425" /><testcase classname="tests.test_market_live" name="test_snapshot_sensex" time="1.221" /><testcase classname="tests.test_market_live" name="test_candles_1d_and_1m" time="4.644" /><testcase classname="tests.test_market_live" name="test_snapshot_consistency" time="13.834" /></testsuite></testsuites>